<?xml version="1.0" encoding="UTF-8"?>
<testsuite name="ohtu.ohtuvarasto.VarastoTest" tests="14" skipped="0" failures="0" errors="0" timestamp="2018-11-01T15:35:28" hostname="lx8-523-004" time="0.02">
  <properties/>
  <testcase name="ottaminenPalauttaaOikeanMaaran" classname="ohtu.ohtuvarasto.VarastoTest" time="0.002"/>
  <testcase name="lisaysLisaaPienentaaVapaataTilaa" classname="ohtu.ohtuvarasto.VarastoTest" time="0.0"/>
  <testcase name="konstruktoriTest" classname="ohtu.ohtuvarasto.VarastoTest" time="0.0"/>
  <testcase name="lisaysLisaaSaldoa" classname="ohtu.ohtuvarasto.VarastoTest" time="0.001"/>
  <testcase name="suuriLisays" classname="ohtu.ohtuvarasto.VarastoTest" time="0.0"/>
  <testcase name="ottaminenPalauttaaNollan" classname="ohtu.ohtuvarasto.VarastoTest" time="0.0"/>
  <testcase name="ottaminenPalauttaaNiinPaljonKuinRiittaa" classname="ohtu.ohtuvarasto.VarastoTest" time="0.0"/>
  <testcase name="kolmasKonstruktoriTest" classname="ohtu.ohtuvarasto.VarastoTest" time="0.0"/>
  <testcase name="toStringTest" classname="ohtu.ohtuvarasto.VarastoTest" time="0.015"/>
  <testcase name="ottaminenLisääTilaa" classname="ohtu.ohtuvarasto.VarastoTest" time="0.0"/>
  <testcase name="uudellaVarastollaOikeaTilavuus" classname="ohtu.ohtuvarasto.VarastoTest" time="0.001"/>
  <testcase name="konstruktoriLuoTyhjanVaraston" classname="ohtu.ohtuvarasto.VarastoTest" time="0.0"/>
  <testcase name="toinenKonstruktoriTest" classname="ohtu.ohtuvarasto.VarastoTest" time="0.0"/>
  <testcase name="virheLisays" classname="ohtu.ohtuvarasto.VarastoTest" time="0.0"/>
  <system-out><![CDATA[]]></system-out>
  <system-err><![CDATA[]]></system-err>
</testsuite>
